<?xml version="1.0" encoding="UTF-8"?>
<!-- Generated by org.testng.reporters.JUnitReportReporter -->
<testsuite hostname="HP-PC" name="com.etsyframewok.Tests.VerifyNavBarItems" tests="1" failures="0" timestamp="14 May 2020 09:05:45 GMT" time="1.586" errors="0">
  <testcase name="verifyCategoryNavItems" time="1.586" classname="com.etsyframewok.Tests.VerifyNavBarItems"/>
</testsuite> <!-- com.etsyframewok.Tests.VerifyNavBarItems -->
