<?xml version="1.0" encoding="UTF-8"?>
<!-- Generated by org.testng.reporters.JUnitReportReporter -->
<testsuite hostname="HP-PC" name="com.etsyframewok.Tests.VerifyLogo" tests="1" failures="0" timestamp="14 May 2020 09:05:45 GMT" time="2.872" errors="0">
  <testcase name="etsyVerifyLogo" time="2.872" classname="com.etsyframewok.Tests.VerifyLogo"/>
</testsuite> <!-- com.etsyframewok.Tests.VerifyLogo -->
