<?xml version="1.0" encoding="UTF-8"?>
<!-- Generated by org.testng.reporters.JUnitReportReporter -->
<testsuite hostname="GAURAV-PC" name="com.etsyframework.Testcase.TestRegression" tests="1" failures="0" timestamp="16 Apr 2020 16:05:58 GMT" time="20.406" errors="0">
  <testcase name="Tc_01" time="20.406" classname="com.etsyframework.Testcase.TestRegression"/>
</testsuite> <!-- com.etsyframework.Testcase.TestRegression -->
