<?xml version="1.0" encoding="UTF-8"?>
<!-- Generated by org.testng.reporters.JUnitReportReporter -->
<testsuite hostname="GAURAV-PC" name="com.etsyframewok.Tests.Verify_All_Links_To_Follow_Page" tests="1" failures="0" timestamp="16 Jun 2020 07:25:28 GMT" time="18.223" errors="0">
  <testcase name="verify_Follow_Links" time="18.223" classname="com.etsyframewok.Tests.Verify_All_Links_To_Follow_Page"/>
</testsuite> <!-- com.etsyframewok.Tests.Verify_All_Links_To_Follow_Page -->
