<?xml version="1.0" encoding="UTF-8"?>
<!-- Generated by org.testng.reporters.JUnitReportReporter -->
<testsuite hostname="GAURAV-PC" name="com.etsyframewok.Tests.AddToCartTest" tests="1" failures="0" timestamp="12 May 2020 11:12:28 GMT" time="74.219" errors="0">
  <testcase name="add_To_Cart_Product" time="74.219" classname="com.etsyframewok.Tests.AddToCartTest"/>
</testsuite> <!-- com.etsyframewok.Tests.AddToCartTest -->
