<?xml version="1.0" encoding="UTF-8"?>
<!-- Generated by org.testng.reporters.JUnitReportReporter -->
<testsuite hostname="HP-PC" name="com.etsyframewok.Tests.VerifySearchBox" tests="1" failures="0" timestamp="15 May 2020 17:27:14 GMT" time="39.662" errors="0">
  <testcase name="verify_Search_Box" time="39.662" classname="com.etsyframewok.Tests.VerifySearchBox"/>
</testsuite> <!-- com.etsyframewok.Tests.VerifySearchBox -->
