<?xml version="1.0" encoding="UTF-8"?>
<!-- Generated by org.testng.reporters.JUnitReportReporter -->
<testsuite hostname="HP-PC" name="com.etsyframewok.Tests.demo" tests="1" failures="0" timestamp="14 May 2020 08:32:04 GMT" time="25.889" errors="0">
  <testcase name="Tc01" time="25.889" classname="com.etsyframewok.Tests.demo"/>
</testsuite> <!-- com.etsyframewok.Tests.demo -->
